<?xml version="1.0" encoding="UTF-8"?>
<!-- Generated by org.testng.reporters.JUnitXMLReporter -->
<testsuite ignored="0" hostname="DESKTOP-ABK0VTC" failures="0" tests="3" name="Test" time="50.693" errors="0" timestamp="2022-05-21T19:19:35 IST">
  <testcase classname="testscripts.TestCase01" name="tc01" time="5.059"/>
  <testcase classname="testscripts.TestCase02" name="tc02" time="6.79"/>
  <testcase classname="testscripts.TestCase03" name="tc03" time="22.181"/>
</testsuite> <!-- Test -->
