<?xml version="1.0" encoding="UTF-8"?>
<testng-results ignored="0" total="1" passed="1" failed="0" skipped="0">
  <reporter-output>
  </reporter-output>
  <suite started-at="2022-05-21T08:18:41 IST" name="Default suite" finished-at="2022-05-21T08:19:12 IST" duration-ms="31660">
    <groups>
    </groups>
    <test started-at="2022-05-21T08:18:41 IST" name="Default test" finished-at="2022-05-21T08:19:12 IST" duration-ms="31660">
      <class name="testscripts.TestCase03">
        <test-method is-config="true" signature="openApp()[pri:0, instance:testscripts.TestCase03@a9cd3b1]" started-at="2022-05-21T08:18:41 IST" name="openApp" finished-at="2022-05-21T08:18:48 IST" duration-ms="7134" status="PASS">
          <reporter-output>
          </reporter-output>
        </test-method> <!-- openApp -->
        <test-method signature="tc03()[pri:0, instance:testscripts.TestCase03@a9cd3b1]" started-at="2022-05-21T08:18:48 IST" name="tc03" finished-at="2022-05-21T08:19:12 IST" duration-ms="24006" status="PASS">
          <reporter-output>
          </reporter-output>
        </test-method> <!-- tc03 -->
        <test-method is-config="true" signature="closeApp(org.testng.ITestResult)[pri:0, instance:testscripts.TestCase03@a9cd3b1]" started-at="2022-05-21T08:19:12 IST" name="closeApp" finished-at="2022-05-21T08:19:12 IST" duration-ms="454" status="PASS">
          <params>
            <param index="0">
              <value>
                <![CDATA[[TestResult name=tc03 status=SUCCESS method=TestCase03.tc03()[pri:0, instance:testscripts.TestCase03@a9cd3b1] output={null}]]]>
              </value>
            </param>
          </params>
          <reporter-output>
          </reporter-output>
        </test-method> <!-- closeApp -->
      </class> <!-- testscripts.TestCase03 -->
    </test> <!-- Default test -->
  </suite> <!-- Default suite -->
</testng-results>
