<?xml version="1.0" encoding="UTF-8"?>
<testng-results ignored="0" total="3" passed="3" failed="0" skipped="0">
  <reporter-output>
  </reporter-output>
  <suite started-at="2022-05-21T19:18:45 IST" name="Suite" finished-at="2022-05-21T19:19:35 IST" duration-ms="50693">
    <groups>
    </groups>
    <test started-at="2022-05-21T19:18:45 IST" name="Test" finished-at="2022-05-21T19:19:35 IST" duration-ms="50693">
      <class name="testscripts.TestCase02">
        <test-method is-config="true" signature="openApp()[pri:0, instance:testscripts.TestCase02@1ea9f6af]" started-at="2022-05-21T19:18:58 IST" name="openApp" finished-at="2022-05-21T19:19:02 IST" duration-ms="4239" status="PASS">
          <reporter-output>
          </reporter-output>
        </test-method> <!-- openApp -->
        <test-method signature="tc02()[pri:0, instance:testscripts.TestCase02@1ea9f6af]" started-at="2022-05-21T19:19:02 IST" name="tc02" finished-at="2022-05-21T19:19:09 IST" duration-ms="6790" status="PASS">
          <reporter-output>
          </reporter-output>
        </test-method> <!-- tc02 -->
        <test-method is-config="true" signature="closeApp(org.testng.ITestResult)[pri:0, instance:testscripts.TestCase02@1ea9f6af]" started-at="2022-05-21T19:19:09 IST" name="closeApp" finished-at="2022-05-21T19:19:10 IST" duration-ms="613" status="PASS">
          <params>
            <param index="0">
              <value>
                <![CDATA[[TestResult name=tc02 status=SUCCESS method=TestCase02.tc02()[pri:0, instance:testscripts.TestCase02@1ea9f6af] output={null}]]]>
              </value>
            </param>
          </params>
          <reporter-output>
          </reporter-output>
        </test-method> <!-- closeApp -->
      </class> <!-- testscripts.TestCase02 -->
      <class name="testscripts.TestCase03">
        <test-method is-config="true" signature="openApp()[pri:0, instance:testscripts.TestCase03@6a192cfe]" started-at="2022-05-21T19:19:10 IST" name="openApp" finished-at="2022-05-21T19:19:13 IST" duration-ms="2826" status="PASS">
          <reporter-output>
          </reporter-output>
        </test-method> <!-- openApp -->
        <test-method signature="tc03()[pri:0, instance:testscripts.TestCase03@6a192cfe]" started-at="2022-05-21T19:19:13 IST" name="tc03" finished-at="2022-05-21T19:19:35 IST" duration-ms="22181" status="PASS">
          <reporter-output>
          </reporter-output>
        </test-method> <!-- tc03 -->
        <test-method is-config="true" signature="closeApp(org.testng.ITestResult)[pri:0, instance:testscripts.TestCase03@6a192cfe]" started-at="2022-05-21T19:19:35 IST" name="closeApp" finished-at="2022-05-21T19:19:35 IST" duration-ms="386" status="PASS">
          <params>
            <param index="0">
              <value>
                <![CDATA[[TestResult name=tc03 status=SUCCESS method=TestCase03.tc03()[pri:0, instance:testscripts.TestCase03@6a192cfe] output={null}]]]>
              </value>
            </param>
          </params>
          <reporter-output>
          </reporter-output>
        </test-method> <!-- closeApp -->
      </class> <!-- testscripts.TestCase03 -->
      <class name="testscripts.TestCase01">
        <test-method is-config="true" signature="openApp()[pri:0, instance:testscripts.TestCase01@654f0d9c]" started-at="2022-05-21T19:18:45 IST" name="openApp" finished-at="2022-05-21T19:18:53 IST" duration-ms="7991" status="PASS">
          <reporter-output>
          </reporter-output>
        </test-method> <!-- openApp -->
        <test-method signature="tc01()[pri:0, instance:testscripts.TestCase01@654f0d9c]" started-at="2022-05-21T19:18:53 IST" name="tc01" finished-at="2022-05-21T19:18:58 IST" duration-ms="5059" status="PASS">
          <reporter-output>
          </reporter-output>
        </test-method> <!-- tc01 -->
        <test-method is-config="true" signature="closeApp(org.testng.ITestResult)[pri:0, instance:testscripts.TestCase01@654f0d9c]" started-at="2022-05-21T19:18:58 IST" name="closeApp" finished-at="2022-05-21T19:18:58 IST" duration-ms="530" status="PASS">
          <params>
            <param index="0">
              <value>
                <![CDATA[[TestResult name=tc01 status=SUCCESS method=TestCase01.tc01()[pri:0, instance:testscripts.TestCase01@654f0d9c] output={null}]]]>
              </value>
            </param>
          </params>
          <reporter-output>
          </reporter-output>
        </test-method> <!-- closeApp -->
      </class> <!-- testscripts.TestCase01 -->
    </test> <!-- Test -->
  </suite> <!-- Suite -->
</testng-results>
